Android/Agency New/app/build/outputs/logs/manifest-merger-debug-report.txt
-- Merging decision tree log ---
manifest
ADDED from src\main\AndroidManifest.xml:2:1-104:12
	package
		ADDED from src\main\AndroidManifest.xml:3:5-40
		INJECTED from src\main\AndroidManifest.xml
		INJECTED from src\main\AndroidManifest.xml
	android:versionName
		ADDED from src\main\AndroidManifest.xml:5:5-30
		INJECTED from src\main\AndroidManifest.xml
		INJECTED from src\main\AndroidManifest.xml
	android:versionCode
		ADDED from src\main\AndroidManifest.xml:4:5-28
		INJECTED from src\main\AndroidManifest.xml
		INJECTED from src\main\AndroidManifest.xml
	xmlns:android
		ADDED from src\main\AndroidManifest.xml:2:11-69
uses-sdk
ADDED from src\main\AndroidManifest.xml:7:5-9:41
	android:targetSdkVersion
		ADDED from src\main\AndroidManifest.xml:9:9-38
		INJECTED from src\main\AndroidManifest.xml
		INJECTED from src\main\AndroidManifest.xml
	android:minSdkVersion
		ADDED from src\main\AndroidManifest.xml:8:9-34
		INJECTED from src\main\AndroidManifest.xml
		INJECTED from src\main\AndroidManifest.xml
uses-permission#android.permission.INTERNET
ADDED from src\main\AndroidManifest.xml:10:5-67
	android:name
		ADDED from src\main\AndroidManifest.xml:10:22-64
uses-permission#android.permission.ACCESS_WIFI_STATE
ADDED from src\main\AndroidManifest.xml:11:5-12:23
	android:name
		ADDED from src\main\AndroidManifest.xml:11:22-73
uses-permission#android.permission.ACCESS_NETWORK_STATE
ADDED from src\main\AndroidManifest.xml:13:5-14:23
	android:name
		ADDED from src\main\AndroidManifest.xml:13:22-76
application
ADDED from src\main\AndroidManifest.xml:16:5-102:19
	android:label
		ADDED from src\main\AndroidManifest.xml:19:9-41
	android:allowBackup
		ADDED from src\main\AndroidManifest.xml:17:9-35
	android:icon
		ADDED from src\main\AndroidManifest.xml:18:9-45
	android:theme
		ADDED from src\main\AndroidManifest.xml:21:9-40
activity#com.example.m_saccoagency.Login
ADDED from src\main\AndroidManifest.xml:23:9-33:20
	android:screenOrientation
		ADDED from src\main\AndroidManifest.xml:25:13-49
	android:label
		ADDED from src\main\AndroidManifest.xml:26:13-45
	android:name
		ADDED from src\main\AndroidManifest.xml:24:13-59
intent-filter#android.intent.action.MAIN+android.intent.category.LAUNCHER
ADDED from src\main\AndroidManifest.xml:28:13-31:29
action#android.intent.action.MAIN
ADDED from src\main\AndroidManifest.xml:29:17-69
	android:name
		ADDED from src\main\AndroidManifest.xml:29:25-66
category#android.intent.category.LAUNCHER
ADDED from src\main\AndroidManifest.xml:30:17-77
	android:name
		ADDED from src\main\AndroidManifest.xml:30:27-74
activity#com.example.m_saccoagency.AgencyListActivity
ADDED from src\main\AndroidManifest.xml:34:9-39:20
	android:screenOrientation
		ADDED from src\main\AndroidManifest.xml:37:13-49
	android:label
		ADDED from src\main\AndroidManifest.xml:36:13-45
	android:parentActivityName
		ADDED from src\main\AndroidManifest.xml:38:13-80
	android:name
		ADDED from src\main\AndroidManifest.xml:35:13-72
activity#com.example.m_saccoagency.AccountActivationActivity
ADDED from src\main\AndroidManifest.xml:40:9-44:20
	android:label
		ADDED from src\main\AndroidManifest.xml:42:13-47
	android:parentActivityName
		ADDED from src\main\AndroidManifest.xml:43:13-86
	android:name
		ADDED from src\main\AndroidManifest.xml:41:13-79
activity#com.example.m_saccoagency.AccountOpening
ADDED from src\main\AndroidManifest.xml:45:9-49:20
	android:label
		ADDED from src\main\AndroidManifest.xml:47:13-44
	android:parentActivityName
		ADDED from src\main\AndroidManifest.xml:48:13-86
	android:name
		ADDED from src\main\AndroidManifest.xml:46:13-68
activity#com.example.m_saccoagency.MemberRegistration
ADDED from src\main\AndroidManifest.xml:50:9-54:20
	android:label
		ADDED from src\main\AndroidManifest.xml:52:13-48
	android:parentActivityName
		ADDED from src\main\AndroidManifest.xml:53:13-86
	android:name
		ADDED from src\main\AndroidManifest.xml:51:13-72
activity#com.example.m_saccoagency.CashWithdraw
ADDED from src\main\AndroidManifest.xml:55:9-59:20
	android:label
		ADDED from src\main\AndroidManifest.xml:57:13-42
	android:parentActivityName
		ADDED from src\main\AndroidManifest.xml:58:13-86
	android:name
		ADDED from src\main\AndroidManifest.xml:56:13-66
activity#com.example.m_saccoagency.CashDeposit
ADDED from src\main\AndroidManifest.xml:60:9-64:20
	android:label
		ADDED from src\main\AndroidManifest.xml:62:13-41
	android:parentActivityName
		ADDED from src\main\AndroidManifest.xml:63:13-86
	android:name
		ADDED from src\main\AndroidManifest.xml:61:13-65
activity#com.example.m_saccoagency.LoanRepayment
ADDED from src\main\AndroidManifest.xml:65:9-70:20
	android:label
		ADDED from src\main\AndroidManifest.xml:68:13-43
	android:parentActivityName
		ADDED from src\main\AndroidManifest.xml:69:13-86
	android:name
		ADDED from src\main\AndroidManifest.xml:67:13-67
activity#com.example.m_saccoagency.CashTransfer
ADDED from src\main\AndroidManifest.xml:71:9-75:20
	android:label
		ADDED from src\main\AndroidManifest.xml:73:13-42
	android:parentActivityName
		ADDED from src\main\AndroidManifest.xml:74:13-86
	android:name
		ADDED from src\main\AndroidManifest.xml:72:13-66
activity#com.example.m_saccoagency.ShareDeposit
ADDED from src\main\AndroidManifest.xml:76:9-80:20
	android:label
		ADDED from src\main\AndroidManifest.xml:78:13-42
	android:parentActivityName
		ADDED from src\main\AndroidManifest.xml:79:13-86
	android:name
		ADDED from src\main\AndroidManifest.xml:77:13-66
activity#com.example.m_saccoagency.BalanceEnquiry
ADDED from src\main\AndroidManifest.xml:81:9-85:20
	android:label
		ADDED from src\main\AndroidManifest.xml:83:13-44
	android:parentActivityName
		ADDED from src\main\AndroidManifest.xml:84:13-86
	android:name
		ADDED from src\main\AndroidManifest.xml:82:13-68
activity#com.example.m_saccoagency.Ministatement
ADDED from src\main\AndroidManifest.xml:86:9-90:20
	android:label
		ADDED from src\main\AndroidManifest.xml:88:13-43
	android:parentActivityName
		ADDED from src\main\AndroidManifest.xml:89:13-86
	android:name
		ADDED from src\main\AndroidManifest.xml:87:13-67
activity#com.example.m_saccoagency.ChangeClientPin
ADDED from src\main\AndroidManifest.xml:91:9-95:20
	android:label
		ADDED from src\main\AndroidManifest.xml:93:13-46
	android:parentActivityName
		ADDED from src\main\AndroidManifest.xml:94:13-86
	android:name
		ADDED from src\main\AndroidManifest.xml:92:13-69
activity#com.example.m_saccoagency.Settings
ADDED from src\main\AndroidManifest.xml:96:9-100:20
	android:label
		ADDED from src\main\AndroidManifest.xml:98:13-37
	android:parentActivityName
		ADDED from src\main\AndroidManifest.xml:99:13-80
	android:name
		ADDED from src\main\AndroidManifest.xml:97:13-62